<?xml version="1.0" encoding="UTF-8"?>
<!-- Generated by org.testng.reporters.JUnitReportReporter -->
<testsuite hostname="DESKTOP-10TODIV" failures="0" tests="1" name="com.green_kart.Green_kart" time="3.840" errors="0" timestamp="2023-06-09T17:06:21 IST" skipped="0">
  <testcase classname="com.green_kart.Green_kart" name="placeorder" time="3.840"/>
  <system-out/>
</testsuite> <!-- com.green_kart.Green_kart -->
